  Building Custom Rule C:/Users/JiaQi/Desktop/Nuitrack SDK/Examples/basic_fall/CMakeLists.txt
  CMake does not need to re-run because C:/Users/JiaQi/Desktop/Nuitrack SDK/Examples/basic_fall/bin/CMakeFiles/generate.stamp is up-to-date.
  main.cpp
C:\Users\JiaQi\Desktop\Nuitrack SDK\Nuitrack\include\nuitrack/capi/DepthSensor_CAPI.h(68): warning C4190: 'nuitrack_ConvertProjToRealCoordsXYZ' has C-linkage specified, but returns UDT 'tdv::nuitrack::Vector3' which is incompatible with C
  C:\Users\JiaQi\Desktop\Nuitrack SDK\Nuitrack\include\nuitrack/types/Vector3.h(9): note: see declaration of 'tdv::nuitrack::Vector3'
C:\Users\JiaQi\Desktop\Nuitrack SDK\Nuitrack\include\nuitrack/capi/DepthSensor_CAPI.h(69): warning C4190: 'nuitrack_ConvertProjToRealCoordsVector3' has C-linkage specified, but returns UDT 'tdv::nuitrack::Vector3' which is incompatible with C
  C:\Users\JiaQi\Desktop\Nuitrack SDK\Nuitrack\include\nuitrack/types/Vector3.h(9): note: see declaration of 'tdv::nuitrack::Vector3'
C:\Users\JiaQi\Desktop\Nuitrack SDK\Nuitrack\include\nuitrack/capi/DepthSensor_CAPI.h(71): warning C4190: 'nuitrack_ConvertRealToProjCoordsXYZ' has C-linkage specified, but returns UDT 'tdv::nuitrack::Vector3' which is incompatible with C
  C:\Users\JiaQi\Desktop\Nuitrack SDK\Nuitrack\include\nuitrack/types/Vector3.h(9): note: see declaration of 'tdv::nuitrack::Vector3'
C:\Users\JiaQi\Desktop\Nuitrack SDK\Nuitrack\include\nuitrack/capi/DepthSensor_CAPI.h(72): warning C4190: 'nuitrack_ConvertRealToProjCoordsVector3' has C-linkage specified, but returns UDT 'tdv::nuitrack::Vector3' which is incompatible with C
  C:\Users\JiaQi\Desktop\Nuitrack SDK\Nuitrack\include\nuitrack/types/Vector3.h(9): note: see declaration of 'tdv::nuitrack::Vector3'
C:\Users\JiaQi\Desktop\Nuitrack SDK\Nuitrack\include\nuitrack/types/DepthFrame.h(34): warning C4267: 'return': conversion from 'size_t' to 'int', possible loss of data
C:\Users\JiaQi\Desktop\Nuitrack SDK\Nuitrack\include\nuitrack/types/DepthFrame.h(42): warning C4267: 'return': conversion from 'size_t' to 'int', possible loss of data
C:\Users\JiaQi\Desktop\Nuitrack SDK\Nuitrack\include\nuitrack/modules/DepthSensor.h(179): warning C4267: 'argument': conversion from 'size_t' to 'int', possible loss of data
C:\Users\JiaQi\Desktop\Nuitrack SDK\Nuitrack\include\nuitrack/types/RGBFrame.h(35): warning C4267: 'return': conversion from 'size_t' to 'int', possible loss of data
C:\Users\JiaQi\Desktop\Nuitrack SDK\Nuitrack\include\nuitrack/types/RGBFrame.h(43): warning C4267: 'return': conversion from 'size_t' to 'int', possible loss of data
C:\Users\JiaQi\Desktop\Nuitrack SDK\Nuitrack\include\nuitrack/types/UserFrame.h(57): warning C4267: 'argument': conversion from 'size_t' to 'int', possible loss of data
C:\Users\JiaQi\Desktop\Nuitrack SDK\Nuitrack\include\nuitrack/types/UserFrame.h(69): warning C4267: 'return': conversion from 'size_t' to 'int', possible loss of data
C:\Users\JiaQi\Desktop\Nuitrack SDK\Nuitrack\include\nuitrack/types/UserFrame.h(77): warning C4267: 'return': conversion from 'size_t' to 'int', possible loss of data
C:\Users\JiaQi\Desktop\Nuitrack SDK\Nuitrack\include\nuitrack/types/SkeletonData.h(61): warning C4267: 'argument': conversion from 'size_t' to 'int', possible loss of data
C:\Users\JiaQi\Desktop\Nuitrack SDK\Nuitrack\include\nuitrack/types/SkeletonData.h(67): warning C4267: 'argument': conversion from 'size_t' to 'int', possible loss of data
C:\Users\JiaQi\Desktop\Nuitrack SDK\Nuitrack\include\nuitrack/types/SkeletonData.h(86): warning C4244: 'return': conversion from 'float' to 'uint64_t', possible loss of data
C:\Users\JiaQi\Desktop\Nuitrack SDK\Nuitrack\include\nuitrack/types/GestureData.h(47): warning C4267: 'return': conversion from 'size_t' to 'int', possible loss of data
C:\Users\JiaQi\Desktop\Nuitrack SDK\Nuitrack\include\nuitrack/types/GestureData.h(67): warning C4267: 'argument': conversion from 'size_t' to 'int', possible loss of data
C:\Users\JiaQi\Desktop\Nuitrack SDK\Nuitrack\include\nuitrack/types/GestureData.h(102): warning C4267: 'return': conversion from 'size_t' to 'int', possible loss of data
C:\Users\JiaQi\Desktop\Nuitrack SDK\Nuitrack\include\nuitrack/types/GestureData.h(133): warning C4267: 'argument': conversion from 'size_t' to 'int', possible loss of data
C:\Users\JiaQi\Desktop\Nuitrack SDK\Nuitrack\include\nuitrack/types/HandTrackerData.h(48): warning C4267: 'return': conversion from 'size_t' to 'int', possible loss of data
C:\Users\JiaQi\Desktop\Nuitrack SDK\Nuitrack\include\nuitrack/types/HandTrackerData.h(69): warning C4267: 'argument': conversion from 'size_t' to 'int', possible loss of data
C:\Users\JiaQi\Desktop\Nuitrack SDK\Nuitrack\include\nuitrack/types/Issue.h(71): warning C4996: 'strcpy': This function or variable may be unsafe. Consider using strcpy_s instead. To disable deprecation, use _CRT_SECURE_NO_WARNINGS. See online help for details.
  C:\Program Files (x86)\Windows Kits\10\Include\10.0.17134.0\ucrt\string.h(133): note: see declaration of 'strcpy'
C:\Users\JiaQi\Desktop\Nuitrack SDK\Nuitrack\include\nuitrack/types/Issue.h(81): warning C4996: 'strcpy': This function or variable may be unsafe. Consider using strcpy_s instead. To disable deprecation, use _CRT_SECURE_NO_WARNINGS. See online help for details.
  C:\Program Files (x86)\Windows Kits\10\Include\10.0.17134.0\ucrt\string.h(133): note: see declaration of 'strcpy'
C:\Users\JiaQi\Desktop\Nuitrack SDK\Examples\basic_fall\src\main.cpp(74): warning C4244: 'initializing': conversion from 'float' to 'int', possible loss of data
C:\Users\JiaQi\Desktop\Nuitrack SDK\Examples\basic_fall\src\main.cpp(82): warning C4244: 'initializing': conversion from 'float' to 'int', possible loss of data
  nuitrack_console_sample.vcxproj -> C:\Users\JiaQi\Desktop\Nuitrack SDK\Examples\basic_fall\bin\Debug\nuitrack_console_sample.exe
